[05:43:59] [Server thread/INFO]: Starting minecraft server version 1.7.2
[05:43:59] [Server thread/INFO]: Loading properties
[05:43:59] [Server console handler/ERROR]: Exception handling console input
java.io.IOException: The handle is invalid
	at java.io.FileInputStream.readBytes(Native Method) ~[?:1.6.0_45]
	at java.io.FileInputStream.read(Unknown Source) ~[?:1.6.0_45]
	at java.io.BufferedInputStream.read1(Unknown Source) ~[?:1.6.0_45]
	at java.io.BufferedInputStream.read(Unknown Source) ~[?:1.6.0_45]
	at sun.nio.cs.StreamDecoder.readBytes(Unknown Source) ~[?:1.6.0_45]
	at sun.nio.cs.StreamDecoder.implRead(Unknown Source) ~[?:1.6.0_45]
	at sun.nio.cs.StreamDecoder.read(Unknown Source) ~[?:1.6.0_45]
	at java.io.InputStreamReader.read(Unknown Source) ~[?:1.6.0_45]
	at java.io.BufferedReader.fill(Unknown Source) ~[?:1.6.0_45]
	at java.io.BufferedReader.readLine(Unknown Source) ~[?:1.6.0_45]
	at java.io.BufferedReader.readLine(Unknown Source) ~[?:1.6.0_45]
	at ll.run(SourceFile:78) [windows_server.exe:?]
[05:43:59] [Server thread/INFO]: Default game type: SURVIVAL
[05:43:59] [Server thread/INFO]: Generating keypair
[05:43:59] [Server thread/INFO]: Starting Minecraft server on *:25565
[05:43:59] [Server thread/WARN]: **** SERVER IS RUNNING IN OFFLINE/INSECURE MODE!
[05:43:59] [Server thread/WARN]: The server will make no attempt to authenticate usernames. Beware.
[05:43:59] [Server thread/WARN]: While this makes the game possible to play without internet access, it also opens up the ability for hackers to connect with any username they choose.
[05:43:59] [Server thread/WARN]: To change this, set "online-mode" to "true" in the server.properties file.
[05:43:59] [Server thread/INFO]: Preparing level "world"
[05:43:59] [Server thread/INFO]: Preparing start region for level 0
[05:44:00] [Server thread/INFO]: Preparing spawn area: 98%
[05:44:00] [Server thread/INFO]: Done (1.049s)! For help, type "help" or "?"
[05:44:10] [Server thread/INFO]: Stopping server
[05:44:10] [Server thread/INFO]: Saving players
[05:44:10] [Server thread/INFO]: Saving worlds
[05:44:10] [Server thread/INFO]: Saving chunks for level 'world'/Overworld
[05:44:10] [Server thread/INFO]: Saving chunks for level 'world'/Nether
[05:44:10] [Server thread/INFO]: Saving chunks for level 'world'/The End
[05:44:10] [Server Shutdown Thread/INFO]: Stopping server
[05:44:10] [Server Shutdown Thread/INFO]: Saving players
